04:12:54.258 INFO - Selenium build info: version: '3.6.0', revision: '6fbf3ec767'
04:12:54.259 INFO - Launching a standalone Selenium Server
2018-03-26 04:12:54.274:INFO::main: Logging initialized @212ms to org.seleniumhq.jetty9.util.log.StdErrLog
04:12:54.320 INFO - Driver class not found: com.opera.core.systems.OperaDriver
04:12:54.342 INFO - Driver provider class org.openqa.selenium.ie.InternetExplorerDriver registration is skipped:
 registration capabilities Capabilities [{ensureCleanSession=true, browserName=internet explorer, version=, platform=WINDOWS}] does not match the current platform MAC
04:12:54.342 INFO - Driver provider class org.openqa.selenium.edge.EdgeDriver registration is skipped:
 registration capabilities Capabilities [{browserName=MicrosoftEdge, version=, platform=WINDOWS}] does not match the current platform MAC
04:12:54.366 INFO - Using the passthrough mode handler
2018-03-26 04:12:54.385:INFO:osjs.Server:main: jetty-9.4.5.v20170502
2018-03-26 04:12:54.403:WARN:osjs.SecurityHandler:main: ServletContext@o.s.j.s.ServletContextHandler@5a8e6209{/,null,STARTING} has uncovered http methods for path: /
2018-03-26 04:12:54.407:INFO:osjsh.ContextHandler:main: Started o.s.j.s.ServletContextHandler@5a8e6209{/,null,AVAILABLE}
2018-03-26 04:12:54.438:INFO:osjs.AbstractConnector:main: Started ServerConnector@7d0587f1{HTTP/1.1,[http/1.1]}{0.0.0.0:4444}
2018-03-26 04:12:54.439:INFO:osjs.Server:main: Started @377ms
04:12:54.439 INFO - Selenium Server is up and running
2018-03-26 04:12:54.671:INFO:osjshC.ROOT:qtp1521118594-11: org.openqa.selenium.remote.server.WebDriverServlet-29774679: Initialising WebDriverServlet
04:12:54.699 INFO - Binding default provider to: org.openqa.selenium.chrome.ChromeDriverService
04:12:54.700 INFO - Found handler: org.openqa.selenium.remote.server.commandhandler.BeginSession@c282789
04:12:54.702 INFO - /session: Executing POST on /session (handler: BeginSession)
04:12:54.737 INFO - Capabilities are: Capabilities {acceptSslCerts=true, name=Test, browserName=chrome, javascriptEnabled=true, platformName=ANY, platform=ANY, }
04:12:54.737 INFO - Capabilities {acceptSslCerts=true, name=Test, browserName=chrome, javascriptEnabled=true, platformName=ANY, platform=ANY, } matched class org.openqa.selenium.remote.server.ServicedSession$Factory (provider: org.openqa.selenium.chrome.ChromeDriverService)
04:12:54.738 INFO - Capabilities {acceptSslCerts=true, name=Test, browserName=chrome, javascriptEnabled=true, platformName=ANY, platform=ANY, } matched class org.openqa.selenium.remote.server.ServicedSession$Factory (provider: org.openqa.selenium.chrome.ChromeDriverService)
Starting ChromeDriver 2.33.506106 (8a06c39c4582fbfbab6966dbb1c38a9173bfb1a2) on port 6031
Only local connections are allowed.
04:12:57.108 INFO - Found handler: org.openqa.selenium.remote.server.ServicedSession@1194a3e5
04:12:57.108 INFO - Handler thread for session 8b1c2e60878170811e11549ea20a8a24 (chrome): Executing POST on /session/8b1c2e60878170811e11549ea20a8a24/url (handler: ServicedSession)
04:12:57.110 INFO - To upstream: {"url":"http://localhost:8080"}
04:12:57.387 INFO - To downstream: {"sessionId":"8b1c2e60878170811e11549ea20a8a24","status":0,"value":null}
04:12:57.394 INFO - Found handler: org.openqa.selenium.remote.server.ServicedSession@1194a3e5
04:12:57.394 INFO - Handler thread for session 8b1c2e60878170811e11549ea20a8a24 (chrome): Executing POST on /session/8b1c2e60878170811e11549ea20a8a24/elements (handler: ServicedSession)
04:12:57.396 INFO - To upstream: {"using":"css selector","value":"#app"}
04:12:57.409 INFO - To downstream: {"sessionId":"8b1c2e60878170811e11549ea20a8a24","status":0,"value":[]}
04:12:57.919 INFO - Found handler: org.openqa.selenium.remote.server.ServicedSession@1194a3e5
04:12:57.919 INFO - Handler thread for session 8b1c2e60878170811e11549ea20a8a24 (chrome): Executing POST on /session/8b1c2e60878170811e11549ea20a8a24/elements (handler: ServicedSession)
04:12:57.920 INFO - To upstream: {"using":"css selector","value":"#app"}
04:12:57.927 INFO - To downstream: {"sessionId":"8b1c2e60878170811e11549ea20a8a24","status":0,"value":[]}
04:12:58.434 INFO - Found handler: org.openqa.selenium.remote.server.ServicedSession@1194a3e5
04:12:58.434 INFO - Handler thread for session 8b1c2e60878170811e11549ea20a8a24 (chrome): Executing POST on /session/8b1c2e60878170811e11549ea20a8a24/elements (handler: ServicedSession)
04:12:58.436 INFO - To upstream: {"using":"css selector","value":"#app"}
04:12:58.442 INFO - To downstream: {"sessionId":"8b1c2e60878170811e11549ea20a8a24","status":0,"value":[]}
04:12:58.946 INFO - Found handler: org.openqa.selenium.remote.server.ServicedSession@1194a3e5
04:12:58.946 INFO - Handler thread for session 8b1c2e60878170811e11549ea20a8a24 (chrome): Executing POST on /session/8b1c2e60878170811e11549ea20a8a24/elements (handler: ServicedSession)
04:12:58.947 INFO - To upstream: {"using":"css selector","value":"#app"}
04:12:58.956 INFO - To downstream: {"sessionId":"8b1c2e60878170811e11549ea20a8a24","status":0,"value":[]}
04:12:59.461 INFO - Found handler: org.openqa.selenium.remote.server.ServicedSession@1194a3e5
04:12:59.461 INFO - Handler thread for session 8b1c2e60878170811e11549ea20a8a24 (chrome): Executing POST on /session/8b1c2e60878170811e11549ea20a8a24/elements (handler: ServicedSession)
04:12:59.462 INFO - To upstream: {"using":"css selector","value":"#app"}
04:12:59.469 INFO - To downstream: {"sessionId":"8b1c2e60878170811e11549ea20a8a24","status":0,"value":[]}
04:12:59.976 INFO - Found handler: org.openqa.selenium.remote.server.ServicedSession@1194a3e5
04:12:59.976 INFO - Handler thread for session 8b1c2e60878170811e11549ea20a8a24 (chrome): Executing POST on /session/8b1c2e60878170811e11549ea20a8a24/elements (handler: ServicedSession)
04:12:59.977 INFO - To upstream: {"using":"css selector","value":"#app"}
04:12:59.983 INFO - To downstream: {"sessionId":"8b1c2e60878170811e11549ea20a8a24","status":0,"value":[]}
04:13:00.488 INFO - Found handler: org.openqa.selenium.remote.server.ServicedSession@1194a3e5
04:13:00.488 INFO - Handler thread for session 8b1c2e60878170811e11549ea20a8a24 (chrome): Executing POST on /session/8b1c2e60878170811e11549ea20a8a24/elements (handler: ServicedSession)
04:13:00.489 INFO - To upstream: {"using":"css selector","value":"#app"}
04:13:00.496 INFO - To downstream: {"sessionId":"8b1c2e60878170811e11549ea20a8a24","status":0,"value":[]}
04:13:01.003 INFO - Found handler: org.openqa.selenium.remote.server.ServicedSession@1194a3e5
04:13:01.004 INFO - Handler thread for session 8b1c2e60878170811e11549ea20a8a24 (chrome): Executing POST on /session/8b1c2e60878170811e11549ea20a8a24/elements (handler: ServicedSession)
04:13:01.005 INFO - To upstream: {"using":"css selector","value":"#app"}
04:13:01.012 INFO - To downstream: {"sessionId":"8b1c2e60878170811e11549ea20a8a24","status":0,"value":[]}
04:13:01.520 INFO - Found handler: org.openqa.selenium.remote.server.ServicedSession@1194a3e5
04:13:01.521 INFO - Handler thread for session 8b1c2e60878170811e11549ea20a8a24 (chrome): Executing POST on /session/8b1c2e60878170811e11549ea20a8a24/elements (handler: ServicedSession)
04:13:01.522 INFO - To upstream: {"using":"css selector","value":"#app"}
04:13:01.528 INFO - To downstream: {"sessionId":"8b1c2e60878170811e11549ea20a8a24","status":0,"value":[]}
04:13:02.035 INFO - Found handler: org.openqa.selenium.remote.server.ServicedSession@1194a3e5
04:13:02.035 INFO - Handler thread for session 8b1c2e60878170811e11549ea20a8a24 (chrome): Executing POST on /session/8b1c2e60878170811e11549ea20a8a24/elements (handler: ServicedSession)
04:13:02.036 INFO - To upstream: {"using":"css selector","value":"#app"}
04:13:02.043 INFO - To downstream: {"sessionId":"8b1c2e60878170811e11549ea20a8a24","status":0,"value":[]}
04:13:02.551 INFO - Found handler: org.openqa.selenium.remote.server.ServicedSession@1194a3e5
04:13:02.552 INFO - Handler thread for session 8b1c2e60878170811e11549ea20a8a24 (chrome): Executing POST on /session/8b1c2e60878170811e11549ea20a8a24/elements (handler: ServicedSession)
04:13:02.553 INFO - To upstream: {"using":"css selector","value":"#app"}
04:13:02.559 INFO - To downstream: {"sessionId":"8b1c2e60878170811e11549ea20a8a24","status":0,"value":[]}
04:13:02.565 INFO - Found handler: org.openqa.selenium.remote.server.ServicedSession@1194a3e5
04:13:02.566 INFO - Handler thread for session 8b1c2e60878170811e11549ea20a8a24 (chrome): Executing DELETE on /session/8b1c2e60878170811e11549ea20a8a24 (handler: ServicedSession)
04:13:02.617 INFO - To downstream: {"sessionId":"8b1c2e60878170811e11549ea20a8a24","status":0,"value":null}
04:13:02.620 INFO - Removing session org.openqa.selenium.remote.server.ServicedSession@1194a3e5
